<?xml version="1.0" encoding="UTF-8"?>
<!-- Generated by org.testng.reporters.JUnitXMLReporter -->
<testsuite hostname="LAPTOP-SQK254G1" ignored="0" name="Test" tests="2" failures="0" timestamp="2021-10-14T10:25:01 IST" time="0.065" errors="0">
  <testcase name="scenario3" time="0.007" classname="Jaswanth.Automation.PractiseTests.SampleTestNGAnnotationsOrder"/>
  <testcase name="scenario1" time="0.002" classname="Jaswanth.Automation.PractiseTests.SampleTestNGAnnotationsOrder"/>
</testsuite> <!-- Test -->
