<?xml version="1.0" encoding="UTF-8"?>
<testng-results skipped="0" failed="0" total="1" passed="1">
  <reporter-output>
  </reporter-output>
  <suite name="FirstTestWithTestNGFramework" duration-ms="26720" started-at="2021-08-18T04:05:52Z" finished-at="2021-08-18T04:06:19Z">
    <groups>
    </groups>
    <test name="Test" duration-ms="26720" started-at="2021-08-18T04:05:52Z" finished-at="2021-08-18T04:06:19Z">
      <class name="Jaswanth.Automation.PractiseTests.FirstTestWithTestNGFramework">
        <test-method status="PASS" signature="testSetup()[pri:0, instance:Jaswanth.Automation.PractiseTests.FirstTestWithTestNGFramework@7d3a22a9]" name="testSetup" is-config="true" duration-ms="5832" started-at="2021-08-18T09:35:52Z" finished-at="2021-08-18T09:35:58Z">
          <reporter-output>
          </reporter-output>
        </test-method> <!-- testSetup -->
        <test-method status="PASS" signature="openBrowser()[pri:0, instance:Jaswanth.Automation.PractiseTests.FirstTestWithTestNGFramework@7d3a22a9]" name="openBrowser" is-config="true" duration-ms="18970" started-at="2021-08-18T09:35:58Z" finished-at="2021-08-18T09:36:17Z">
          <reporter-output>
          </reporter-output>
        </test-method> <!-- openBrowser -->
        <test-method status="PASS" signature="signUp()[pri:0, instance:Jaswanth.Automation.PractiseTests.FirstTestWithTestNGFramework@7d3a22a9]" name="signUp" duration-ms="595" started-at="2021-08-18T09:36:17Z" description="This method validates the sign up functionality" finished-at="2021-08-18T09:36:17Z">
          <reporter-output>
          </reporter-output>
        </test-method> <!-- signUp -->
        <test-method status="PASS" signature="postSignUp()[pri:0, instance:Jaswanth.Automation.PractiseTests.FirstTestWithTestNGFramework@7d3a22a9]" name="postSignUp" is-config="true" duration-ms="17" started-at="2021-08-18T09:36:17Z" finished-at="2021-08-18T09:36:17Z">
          <reporter-output>
          </reporter-output>
        </test-method> <!-- postSignUp -->
        <test-method status="PASS" signature="afterClass()[pri:0, instance:Jaswanth.Automation.PractiseTests.FirstTestWithTestNGFramework@7d3a22a9]" name="afterClass" is-config="true" duration-ms="1247" started-at="2021-08-18T09:36:17Z" finished-at="2021-08-18T09:36:19Z">
          <reporter-output>
          </reporter-output>
        </test-method> <!-- afterClass -->
      </class> <!-- Jaswanth.Automation.PractiseTests.FirstTestWithTestNGFramework -->
    </test> <!-- Test -->
  </suite> <!-- FirstTestWithTestNGFramework -->
</testng-results>
